<?xml version="1.0" encoding="UTF-8"?>
<robot generator="Robot 7.0 (Python 3.10.2 on win32)" generated="2024-04-13T00:56:18.604170" rpa="false" schemaversion="5">
<suite id="s1" name="Test" source="D:\Python\quodroid_system\quodroid_system\quodroid_api\test_suites\test_suite_1\test.robot">
<test id="s1-t1" name="Open google.com" line="8">
<kw name="Open Browser" owner="SeleniumLibrary">
<msg time="2024-04-13T00:56:19.015319" level="INFO">Opening browser 'chrome' to base url 'None'.</msg>
<arg>browser=chrome</arg>
<doc>Opens a new browser instance to the optional ``url``.</doc>
<status status="PASS" start="2024-04-13T00:56:19.015319" elapsed="2.494096"/>
</kw>
<kw name="Go To" owner="SeleniumLibrary">
<msg time="2024-04-13T00:56:21.511414" level="INFO">Opening url 'https://google.com'</msg>
<arg>url=https://google.com</arg>
<doc>Navigates the current browser window to the provided ``url``.</doc>
<status status="PASS" start="2024-04-13T00:56:21.510414" elapsed="1.594751"/>
</kw>
<status status="PASS" start="2024-04-13T00:56:19.014319" elapsed="4.091846"/>
</test>
<test id="s1-t2" name="Open yahoo.com" line="12">
<kw name="Open Browser" owner="SeleniumLibrary">
<msg time="2024-04-13T00:56:23.112445" level="INFO">Opening browser 'edge' to base url 'None'.</msg>
<arg>browser=edge</arg>
<doc>Opens a new browser instance to the optional ``url``.</doc>
<status status="PASS" start="2024-04-13T00:56:23.111444" elapsed="2.821400"/>
</kw>
<kw name="Go To" owner="SeleniumLibrary">
<msg time="2024-04-13T00:56:25.938686" level="INFO">Opening url 'https://yahoo.com'</msg>
<arg>url=https://yahoo.com</arg>
<doc>Navigates the current browser window to the provided ``url``.</doc>
<status status="PASS" start="2024-04-13T00:56:25.938686" elapsed="4.625522"/>
</kw>
<status status="PASS" start="2024-04-13T00:56:23.110446" elapsed="7.455763"/>
</test>
<status status="PASS" start="2024-04-13T00:56:18.608658" elapsed="11.958549"/>
</suite>
<statistics>
<total>
<stat pass="2" fail="0" skip="0">All Tests</stat>
</total>
<tag>
</tag>
<suite>
<stat pass="2" fail="0" skip="0" id="s1" name="Test">Test</stat>
</suite>
</statistics>
<errors>
</errors>
</robot>
